<?xml version="1.0" encoding="UTF-8"?>
<!-- Generated by org.testng.reporters.JUnitXMLReporter -->
<testsuite hostname="LAPTOP-M7IGHPB6" ignored="0" name="Test" tests="1" failures="1" timestamp="2020-01-28T13:24:07 CET" time="0.042" errors="0">
  <testcase name="searchHotel" time="0.02" classname="test.java.com.basetest.frontend.SearchHotel_SanityTest">
    <failure type="java.io.FileNotFoundException" message="E:\ManasiData\BaseFramework\src\main\resources\.properties (The system cannot find the file specified)">
      <![CDATA[java.io.FileNotFoundException: E:\ManasiData\BaseFramework\src\main\resources\.properties (The system cannot find the file specified)
at java.io.FileInputStream.open0(Native Method)
at java.io.FileInputStream.open(FileInputStream.java:195)
at java.io.FileInputStream.<init>(FileInputStream.java:138)
at java.io.FileInputStream.<init>(FileInputStream.java:93)
at main.java.com.basetest.frontend.base.TestUtilities.loadProperties(TestUtilities.java:74)
at main.java.com.basetest.frontend.base.TestUtilities.getProperties(TestUtilities.java:66)
at main.java.com.basetest.frontend.pages.SearchHotelPageObject.searchHotel(SearchHotelPageObject.java:55)
at test.java.com.basetest.frontend.SearchHotel_SanityTest.searchHotel(SearchHotel_SanityTest.java:14)
at java.util.ArrayList.forEach(ArrayList.java:1257)
... Removed 30 stack frames]]>
    </failure>
  </testcase> <!-- searchHotel -->
</testsuite> <!-- Test -->
